TN:
SF:/Users/rene8209/Sites/experimental/example-apps/maps-app-javascript/src/app/Application.ts
FN:43,(anonymous_1)
FN:45,(anonymous_2)
FN:48,(anonymous_3)
FN:47,Application
FN:56,(anonymous_5)
FN:73,(anonymous_8)
FN:113,(anonymous_9)
FN:121,(anonymous_10)
FNF:8
FNH:5
FNDA:5,(anonymous_1)
FNDA:1,(anonymous_2)
FNDA:1,(anonymous_3)
FNDA:1,Application
FNDA:1,(anonymous_5)
FNDA:0,(anonymous_8)
FNDA:0,(anonymous_9)
FNDA:0,(anonymous_10)
DA:43,5
DA:45,1
DA:47,1
DA:48,1
DA:50,2
DA:52,2
DA:54,1
DA:56,1
DA:58,1
DA:59,1
DA:61,1
DA:62,1
DA:63,0
DA:65,1
DA:68,1
DA:73,1
DA:75,1
DA:76,1
DA:78,1
DA:82,1
DA:94,1
DA:98,1
DA:103,1
DA:110,1
DA:113,1
DA:114,0
DA:115,0
DA:120,1
DA:122,0
DA:126,0
DA:127,0
DA:128,0
DA:132,1
DA:166,1
DA:168,1
DA:170,1
LF:36
LH:29
BRDA:47,0,0,1
BRDA:47,0,1,1
BRDA:47,0,2,0
BRDA:58,1,0,1
BRDA:58,1,1,1
BRDA:59,2,0,1
BRDA:59,2,1,1
BRDA:62,3,0,0
BRDA:62,3,1,1
BRF:9
BRH:7
end_of_record
TN:
SF:/Users/rene8209/Sites/experimental/example-apps/maps-app-javascript/src/app/config.ts
FNF:0
FNH:0
DA:19,1
DA:24,1
DA:30,1
LF:3
LH:3
BRF:0
BRH:0
end_of_record
TN:
SF:/Users/rene8209/Sites/experimental/example-apps/maps-app-javascript/src/app/mapactions/MapAction.ts
FN:26,(anonymous_1)
FN:25,MapAction
FN:33,(anonymous_3)
FN:39,(anonymous_4)
FN:40,(anonymous_5)
FNF:5
FNH:5
FNDA:1,(anonymous_1)
FNDA:5,MapAction
FNDA:1,(anonymous_3)
FNDA:1,(anonymous_4)
FNDA:1,(anonymous_5)
DA:25,5
DA:26,1
DA:27,1
DA:29,5
DA:31,1
DA:33,1
DA:34,1
DA:35,1
DA:36,1
DA:39,1
DA:40,1
DA:41,1
DA:43,1
LF:13
LH:13
BRDA:25,0,0,5
BRDA:25,0,1,5
BRDA:25,0,2,0
BRF:3
BRH:2
end_of_record
TN:
SF:/Users/rene8209/Sites/experimental/example-apps/maps-app-javascript/src/app/mapactions/reverseGeocode.ts
FN:38,(anonymous_1)
FN:41,ReverseGeocode
FN:47,(anonymous_3)
FN:52,(anonymous_4)
FN:57,(anonymous_5)
FN:63,applyReverseGeocodeAction
FNF:6
FNH:6
FNDA:1,(anonymous_1)
FNDA:5,ReverseGeocode
FNDA:5,(anonymous_3)
FNDA:6,(anonymous_4)
FNDA:1,(anonymous_5)
FNDA:5,applyReverseGeocodeAction
DA:38,1
DA:39,1
DA:42,5
DA:43,5
DA:44,5
DA:45,0
DA:47,5
DA:48,5
DA:52,1
DA:53,6
DA:54,6
DA:57,1
DA:58,1
DA:59,1
DA:61,1
DA:63,1
DA:64,5
DA:65,5
LF:18
LH:17
BRDA:42,0,0,5
BRDA:42,0,1,0
BRDA:44,1,0,0
BRDA:44,1,1,5
BRF:4
BRH:2
end_of_record
TN:
SF:/Users/rene8209/Sites/experimental/example-apps/maps-app-javascript/src/app/utils/dateUtils.ts
FN:22,(anonymous_1)
FN:29,(anonymous_2)
FN:36,(anonymous_3)
FN:36,(anonymous_4)
FN:52,(anonymous_5)
FNF:5
FNH:5
FNDA:2,(anonymous_1)
FNDA:2,(anonymous_2)
FNDA:2,(anonymous_3)
FNDA:2,(anonymous_4)
FNDA:2,(anonymous_5)
DA:22,2
DA:29,1
DA:30,2
DA:36,2
DA:37,2
DA:41,1
DA:45,1
DA:52,2
DA:53,2
DA:54,2
LF:10
LH:10
BRDA:52,0,0,0
BRDA:52,0,1,2
BRDA:55,1,0,1
BRDA:55,1,1,1
BRF:4
BRH:3
end_of_record
TN:
SF:/Users/rene8209/Sites/experimental/example-apps/maps-app-javascript/src/app/widgets/Alert.tsx
FN:45,(anonymous_1)
FN:63,Alert
FN:67,(anonymous_3)
FN:84,(anonymous_4)
FN:91,(anonymous_5)
FN:95,(anonymous_6)
FNF:6
FNH:6
FNDA:1,(anonymous_1)
FNDA:5,Alert
FNDA:22,(anonymous_3)
FNDA:2,(anonymous_4)
FNDA:1,(anonymous_5)
FNDA:2,(anonymous_6)
DA:34,1
DA:45,1
DA:49,6
DA:53,6
DA:57,6
DA:61,6
DA:64,5
DA:67,1
DA:76,22
DA:84,1
DA:85,2
DA:86,0
DA:88,2
DA:91,1
DA:92,1
DA:95,1
DA:96,2
DA:99,1
DA:101,1
LF:19
LH:18
BRDA:64,0,0,5
BRDA:64,0,1,0
BRDA:85,1,0,0
BRDA:85,1,1,2
BRF:4
BRH:2
end_of_record
TN:
SF:/Users/rene8209/Sites/experimental/example-apps/maps-app-javascript/src/app/widgets/Authenticate.tsx
FN:54,(anonymous_1)
FN:80,Authenticate
FN:76,(anonymous_3)
FN:84,(anonymous_4)
FN:118,(anonymous_5)
FN:125,(anonymous_6)
FNF:6
FNH:5
FNDA:1,(anonymous_1)
FNDA:1,Authenticate
FNDA:1,(anonymous_3)
FNDA:22,(anonymous_4)
FNDA:0,(anonymous_5)
FNDA:1,(anonymous_6)
DA:48,1
DA:54,1
DA:58,2
DA:62,2
DA:66,2
DA:68,1
DA:70,1
DA:76,2
DA:77,1
DA:81,1
DA:84,1
DA:85,22
DA:92,22
DA:95,22
DA:103,22
DA:118,1
DA:119,0
DA:125,1
DA:126,1
DA:128,1
DA:130,1
LF:21
LH:20
BRDA:81,0,0,1
BRDA:81,0,1,0
BRDA:87,1,0,0
BRDA:87,1,1,22
BRDA:92,2,0,0
BRDA:92,2,1,22
BRDA:119,3,0,0
BRDA:119,3,1,0
BRF:8
BRH:3
end_of_record
TN:
SF:/Users/rene8209/Sites/experimental/example-apps/maps-app-javascript/src/app/widgets/UserNav.tsx
FN:43,(anonymous_1)
FN:71,UserNav
FN:55,(anonymous_3)
FN:75,(anonymous_4)
FN:114,(anonymous_5)
FN:118,(anonymous_6)
FNF:6
FNH:6
FNDA:1,(anonymous_1)
FNDA:1,UserNav
FNDA:1,(anonymous_3)
FNDA:22,(anonymous_4)
FNDA:1,(anonymous_5)
FNDA:1,(anonymous_6)
DA:34,1
DA:43,1
DA:45,2
DA:55,2
DA:56,1
DA:57,0
DA:58,0
DA:60,1
DA:63,1
DA:67,1
DA:69,1
DA:72,1
DA:75,1
DA:76,22
DA:114,1
DA:115,1
DA:118,1
DA:119,1
DA:121,1
DA:123,1
LF:20
LH:18
BRDA:72,0,0,1
BRDA:72,0,1,0
BRDA:56,1,0,0
BRDA:56,1,1,1
BRDA:56,2,0,1
BRDA:56,2,1,1
BRF:6
BRH:4
end_of_record
TN:
SF:/Users/rene8209/Sites/experimental/example-apps/maps-app-javascript/src/app/widgets/Authenticate/AuthenticateViewModel.ts
FN:41,(anonymous_1)
FN:69,AuthenticateViewModel
FN:73,(anonymous_3)
FN:85,(anonymous_4)
FN:86,(anonymous_5)
FN:99,(anonymous_8)
FN:100,(anonymous_9)
FN:112,(anonymous_12)
FN:123,(anonymous_13)
FN:137,(anonymous_16)
FN:156,(anonymous_19)
FN:160,(anonymous_20)
FN:167,(anonymous_21)
FN:182,(anonymous_22)
FNF:14
FNH:12
FNDA:1,(anonymous_1)
FNDA:5,AuthenticateViewModel
FNDA:5,(anonymous_3)
FNDA:2,(anonymous_4)
FNDA:2,(anonymous_5)
FNDA:1,(anonymous_8)
FNDA:1,(anonymous_9)
FNDA:1,(anonymous_12)
FNDA:2,(anonymous_13)
FNDA:1,(anonymous_16)
FNDA:1,(anonymous_19)
FNDA:0,(anonymous_20)
FNDA:3,(anonymous_21)
FNDA:0,(anonymous_22)
DA:41,1
DA:45,1
DA:51,1
DA:57,1
DA:62,1
DA:67,1
DA:70,5
DA:73,5
DA:74,5
DA:85,2
DA:86,2
DA:87,2
DA:88,0
DA:89,0
DA:91,2
DA:99,1
DA:100,1
DA:101,1
DA:102,0
DA:103,0
DA:105,1
DA:112,1
DA:113,1
DA:114,1
DA:115,1
DA:123,1
DA:124,2
DA:126,2
DA:127,1
DA:137,1
DA:138,1
DA:140,1
DA:141,1
DA:144,0
DA:145,0
DA:147,0
DA:156,1
DA:157,1
DA:160,1
DA:161,0
DA:167,1
DA:174,3
DA:175,3
DA:182,1
DA:183,0
DA:190,0
DA:192,1
DA:194,1
LF:48
LH:38
BRDA:70,0,0,5
BRDA:70,0,1,0
BRDA:174,1,0,3
BRDA:174,1,1,0
BRF:4
BRH:2
end_of_record
TN:
SF:/Users/rene8209/Sites/experimental/example-apps/maps-app-javascript/src/app/widgets/Authenticate/components/AuthComponents.tsx
FN:28,(anonymous_1)
FN:51,(anonymous_2)
FN:66,(anonymous_3)
FN:82,(anonymous_4)
FNF:4
FNH:4
FNDA:23,(anonymous_1)
FNDA:2,(anonymous_2)
FNDA:23,(anonymous_3)
FNDA:2,(anonymous_4)
DA:28,1
DA:29,23
DA:30,23
DA:31,23
DA:32,23
DA:33,23
DA:38,23
DA:51,2
DA:66,23
DA:82,2
LF:10
LH:10
BRDA:39,0,0,0
BRDA:39,0,1,23
BRDA:38,1,0,23
BRDA:38,1,1,1
BRDA:42,2,0,0
BRDA:42,2,1,23
BRDA:83,3,0,1
BRDA:83,3,1,1
BRF:8
BRH:6
end_of_record
TN:
SF:/Users/rene8209/Sites/experimental/example-apps/maps-app-javascript/src/app/widgets/UserNav/components/UserMenu.tsx
FN:18,(anonymous_1)
FN:37,(anonymous_2)
FNF:2
FNH:2
FNDA:2,(anonymous_1)
FNDA:23,(anonymous_2)
DA:18,2
DA:26,1
DA:37,23
LF:3
LH:3
BRDA:43,0,0,1
BRDA:43,0,1,22
BRF:2
BRH:2
end_of_record
TN:
SF:/Users/rene8209/Sites/experimental/example-apps/maps-app-javascript/tests/unit/app/Application.ts
FN:9,(anonymous_1)
FN:10,(anonymous_2)
FN:15,(anonymous_5)
FNF:3
FNH:3
FNDA:1,(anonymous_1)
FNDA:1,(anonymous_2)
FNDA:1,(anonymous_5)
DA:4,1
DA:6,1
DA:7,1
DA:9,1
DA:10,1
DA:11,1
DA:12,1
DA:15,1
DA:16,1
DA:17,1
DA:18,1
DA:19,1
LF:12
LH:12
BRF:0
BRH:0
end_of_record
TN:
SF:/Users/rene8209/Sites/experimental/example-apps/maps-app-javascript/tests/unit/app/mapactions/reverseGeocode.ts
FN:15,(anonymous_1)
FN:18,(anonymous_2)
FN:29,(anonymous_3)
FN:40,(anonymous_6)
FN:45,(anonymous_7)
FN:52,(anonymous_8)
FN:53,(anonymous_9)
FNF:7
FNH:5
FNDA:1,(anonymous_1)
FNDA:1,(anonymous_2)
FNDA:1,(anonymous_3)
FNDA:1,(anonymous_6)
FNDA:0,(anonymous_7)
FNDA:1,(anonymous_8)
FNDA:0,(anonymous_9)
DA:4,1
DA:12,1
DA:13,1
DA:15,1
DA:16,1
DA:18,1
DA:19,1
DA:20,1
DA:21,1
DA:22,1
DA:23,1
DA:24,1
DA:25,1
DA:26,1
DA:29,1
DA:30,1
DA:31,1
DA:32,1
DA:33,1
DA:34,1
DA:35,1
DA:36,1
DA:37,1
DA:40,1
DA:41,1
DA:42,1
DA:43,1
DA:44,1
DA:45,1
DA:46,1
DA:47,1
DA:48,1
DA:49,1
DA:52,1
DA:53,1
DA:54,1
DA:55,1
DA:56,1
DA:57,1
DA:58,1
DA:59,1
LF:41
LH:41
BRF:0
BRH:0
end_of_record
TN:
SF:/Users/rene8209/Sites/experimental/example-apps/maps-app-javascript/tests/unit/app/utils/dateUtils.ts
FN:8,(anonymous_1)
FN:9,(anonymous_2)
FN:19,(anonymous_3)
FNF:3
FNH:3
FNDA:1,(anonymous_1)
FNDA:1,(anonymous_2)
FNDA:1,(anonymous_3)
DA:5,1
DA:6,1
DA:8,1
DA:9,1
DA:10,1
DA:11,1
DA:12,1
DA:15,1
DA:16,1
DA:19,1
DA:20,1
DA:21,1
DA:22,1
DA:25,1
DA:26,1
LF:15
LH:15
BRF:0
BRH:0
end_of_record
TN:
SF:/Users/rene8209/Sites/experimental/example-apps/maps-app-javascript/tests/unit/app/widgets/Alert.ts
FN:6,(anonymous_1)
FN:10,(anonymous_2)
FN:16,(anonymous_3)
FN:20,(anonymous_4)
FN:25,(anonymous_5)
FN:30,(anonymous_6)
FNF:6
FNH:6
FNDA:1,(anonymous_1)
FNDA:4,(anonymous_2)
FNDA:1,(anonymous_3)
FNDA:1,(anonymous_4)
FNDA:1,(anonymous_5)
FNDA:1,(anonymous_6)
DA:3,1
DA:4,1
DA:6,1
DA:7,1
DA:10,1
DA:11,4
DA:16,1
DA:17,1
DA:20,1
DA:21,1
DA:22,1
DA:25,1
DA:26,1
DA:27,1
DA:30,1
DA:31,1
DA:32,1
DA:33,1
DA:34,1
DA:35,1
LF:20
LH:20
BRF:0
BRH:0
end_of_record
TN:
SF:/Users/rene8209/Sites/experimental/example-apps/maps-app-javascript/tests/unit/app/widgets/Authenticate/AuthenticateViewModel.ts
FN:12,(anonymous_1)
FN:15,(anonymous_2)
FN:21,(anonymous_3)
FN:26,(anonymous_6)
FN:38,(anonymous_9)
FN:50,(anonymous_12)
FNF:6
FNH:6
FNDA:1,(anonymous_1)
FNDA:4,(anonymous_2)
FNDA:1,(anonymous_3)
FNDA:1,(anonymous_6)
FNDA:1,(anonymous_9)
FNDA:1,(anonymous_12)
DA:4,1
DA:9,1
DA:10,1
DA:12,1
DA:15,1
DA:16,4
DA:17,4
DA:18,4
DA:21,1
DA:22,1
DA:23,1
DA:26,1
DA:27,1
DA:28,1
DA:32,1
DA:33,1
DA:34,1
DA:35,1
DA:38,1
DA:39,1
DA:40,1
DA:44,1
DA:45,1
DA:46,1
DA:47,1
DA:50,1
DA:51,1
DA:52,1
DA:53,1
DA:54,1
LF:30
LH:30
BRF:0
BRH:0
end_of_record
TN:
SF:/Users/rene8209/Sites/experimental/example-apps/maps-app-javascript/tests/unit/app/widgets/Authenticate/components/AuthComponents.ts
FN:13,(anonymous_1)
FN:17,(anonymous_2)
FN:24,(anonymous_3)
FN:29,(anonymous_4)
FN:35,(anonymous_5)
FNF:5
FNH:5
FNDA:1,(anonymous_1)
FNDA:1,(anonymous_2)
FNDA:1,(anonymous_3)
FNDA:1,(anonymous_4)
FNDA:1,(anonymous_5)
DA:10,1
DA:11,1
DA:13,1
DA:14,1
DA:15,1
DA:17,1
DA:18,1
DA:19,1
DA:20,1
DA:21,1
DA:24,1
DA:25,1
DA:26,1
DA:29,1
DA:30,1
DA:31,1
DA:32,1
DA:35,1
DA:36,1
DA:43,1
DA:44,1
DA:45,1
LF:22
LH:22
BRF:0
BRH:0
end_of_record
TN:
SF:/Users/rene8209/Sites/experimental/example-apps/maps-app-javascript/tests/unit/app/widgets/UserNav/components/UserMenu.ts
FN:10,(anonymous_1)
FN:11,(anonymous_2)
FN:19,(anonymous_3)
FN:22,(anonymous_4)
FN:23,(anonymous_5)
FNF:5
FNH:5
FNDA:1,(anonymous_1)
FNDA:1,(anonymous_2)
FNDA:1,(anonymous_3)
FNDA:3,(anonymous_4)
FNDA:1,(anonymous_5)
DA:1,1
DA:7,1
DA:8,1
DA:10,1
DA:11,1
DA:12,1
DA:17,1
DA:18,1
DA:19,1
DA:20,1
DA:22,3
DA:23,1
DA:24,1
LF:13
LH:13
BRF:0
BRH:0
end_of_record
