TN:
SF:/Users/rene8209/Sites/experimental/example-apps/maps-app-javascript/src/app/Application.ts
FN:41,(anonymous_1)
FN:43,(anonymous_2)
FN:46,(anonymous_3)
FN:45,Application
FN:54,(anonymous_5)
FN:70,(anonymous_8)
FNF:6
FNH:4
FNDA:6,(anonymous_1)
FNDA:0,(anonymous_2)
FNDA:1,(anonymous_3)
FNDA:1,Application
FNDA:1,(anonymous_5)
FNDA:0,(anonymous_8)
DA:41,6
DA:43,1
DA:45,1
DA:46,1
DA:48,2
DA:50,2
DA:52,1
DA:54,1
DA:56,1
DA:58,1
DA:59,1
DA:60,0
DA:62,1
DA:65,1
DA:70,1
DA:72,1
DA:74,1
DA:75,1
DA:77,1
DA:84,1
DA:89,1
DA:94,1
DA:100,1
DA:141,1
DA:143,1
DA:145,1
LF:26
LH:25
BRDA:45,0,0,1
BRDA:45,0,1,1
BRDA:45,0,2,0
BRDA:56,1,0,1
BRDA:56,1,1,1
BRDA:59,2,0,0
BRDA:59,2,1,1
BRF:7
BRH:5
end_of_record
TN:
SF:/Users/rene8209/Sites/experimental/example-apps/maps-app-javascript/src/app/config.ts
FNF:0
FNH:0
DA:19,1
DA:24,1
DA:29,1
LF:3
LH:3
BRF:0
BRH:0
end_of_record
TN:
SF:/Users/rene8209/Sites/experimental/example-apps/maps-app-javascript/src/app/utils/dateUtils.ts
FN:22,(anonymous_1)
FN:29,(anonymous_2)
FN:36,(anonymous_3)
FN:36,(anonymous_4)
FN:52,(anonymous_5)
FNF:5
FNH:5
FNDA:2,(anonymous_1)
FNDA:2,(anonymous_2)
FNDA:2,(anonymous_3)
FNDA:2,(anonymous_4)
FNDA:2,(anonymous_5)
DA:22,2
DA:29,1
DA:30,2
DA:36,2
DA:37,2
DA:41,1
DA:45,1
DA:52,2
DA:53,2
DA:54,2
LF:10
LH:10
BRDA:52,0,0,0
BRDA:52,0,1,2
BRDA:55,1,0,1
BRDA:55,1,1,1
BRF:4
BRH:3
end_of_record
TN:
SF:/Users/rene8209/Sites/experimental/example-apps/maps-app-javascript/src/app/widgets/Authenticate.tsx
FN:53,(anonymous_1)
FN:77,Authenticate
FN:73,(anonymous_3)
FN:81,(anonymous_4)
FN:115,(anonymous_5)
FN:122,(anonymous_6)
FNF:6
FNH:5
FNDA:1,(anonymous_1)
FNDA:1,Authenticate
FNDA:1,(anonymous_3)
FNDA:5,(anonymous_4)
FNDA:0,(anonymous_5)
FNDA:1,(anonymous_6)
DA:47,1
DA:53,1
DA:57,2
DA:61,2
DA:65,2
DA:67,1
DA:73,2
DA:74,1
DA:78,1
DA:81,1
DA:82,5
DA:89,5
DA:92,5
DA:100,5
DA:115,1
DA:116,0
DA:122,1
DA:123,1
DA:125,1
DA:127,1
LF:20
LH:19
BRDA:78,0,0,1
BRDA:78,0,1,0
BRDA:84,1,0,0
BRDA:84,1,1,5
BRDA:89,2,0,0
BRDA:89,2,1,5
BRDA:116,3,0,0
BRDA:116,3,1,0
BRF:8
BRH:3
end_of_record
TN:
SF:/Users/rene8209/Sites/experimental/example-apps/maps-app-javascript/src/app/widgets/UserNav.tsx
FN:43,(anonymous_1)
FN:70,UserNav
FN:54,(anonymous_3)
FN:74,(anonymous_4)
FN:113,(anonymous_5)
FN:117,(anonymous_6)
FNF:6
FNH:6
FNDA:1,(anonymous_1)
FNDA:1,UserNav
FNDA:1,(anonymous_3)
FNDA:5,(anonymous_4)
FNDA:1,(anonymous_5)
FNDA:1,(anonymous_6)
DA:34,1
DA:43,1
DA:45,2
DA:54,2
DA:55,1
DA:56,0
DA:57,0
DA:59,1
DA:62,1
DA:66,1
DA:68,1
DA:71,1
DA:74,1
DA:75,5
DA:113,1
DA:114,1
DA:117,1
DA:118,1
DA:120,1
DA:122,1
LF:20
LH:18
BRDA:71,0,0,1
BRDA:71,0,1,0
BRDA:55,1,0,0
BRDA:55,1,1,1
BRDA:55,2,0,1
BRDA:55,2,1,1
BRF:6
BRH:4
end_of_record
TN:
SF:/Users/rene8209/Sites/experimental/example-apps/maps-app-javascript/src/app/widgets/Authenticate/AuthenticateViewModel.ts
FN:41,(anonymous_1)
FN:63,AuthenticateViewModel
FN:67,(anonymous_3)
FN:78,(anonymous_4)
FN:79,(anonymous_5)
FN:92,(anonymous_8)
FN:93,(anonymous_9)
FN:105,(anonymous_12)
FN:116,(anonymous_13)
FN:130,(anonymous_16)
FN:149,(anonymous_19)
FN:153,(anonymous_20)
FN:160,(anonymous_21)
FN:175,(anonymous_22)
FNF:14
FNH:12
FNDA:1,(anonymous_1)
FNDA:5,AuthenticateViewModel
FNDA:5,(anonymous_3)
FNDA:2,(anonymous_4)
FNDA:2,(anonymous_5)
FNDA:1,(anonymous_8)
FNDA:1,(anonymous_9)
FNDA:1,(anonymous_12)
FNDA:2,(anonymous_13)
FNDA:1,(anonymous_16)
FNDA:1,(anonymous_19)
FNDA:0,(anonymous_20)
FNDA:3,(anonymous_21)
FNDA:0,(anonymous_22)
DA:41,1
DA:45,1
DA:51,1
DA:56,1
DA:61,1
DA:64,5
DA:67,5
DA:68,5
DA:78,2
DA:79,2
DA:80,2
DA:81,0
DA:82,0
DA:84,2
DA:92,1
DA:93,1
DA:94,1
DA:95,0
DA:96,0
DA:98,1
DA:105,1
DA:106,1
DA:107,1
DA:108,1
DA:116,1
DA:117,2
DA:119,2
DA:120,1
DA:130,1
DA:131,1
DA:133,1
DA:134,1
DA:137,0
DA:138,0
DA:140,0
DA:149,1
DA:150,1
DA:153,1
DA:154,0
DA:160,1
DA:167,3
DA:168,3
DA:175,1
DA:176,0
DA:183,0
DA:185,1
DA:187,1
LF:47
LH:37
BRDA:64,0,0,5
BRDA:64,0,1,0
BRDA:167,1,0,3
BRDA:167,1,1,0
BRF:4
BRH:2
end_of_record
TN:
SF:/Users/rene8209/Sites/experimental/example-apps/maps-app-javascript/src/app/widgets/Authenticate/components/AuthComponents.tsx
FN:28,(anonymous_1)
FN:51,(anonymous_2)
FN:66,(anonymous_3)
FN:82,(anonymous_4)
FNF:4
FNH:4
FNDA:6,(anonymous_1)
FNDA:2,(anonymous_2)
FNDA:6,(anonymous_3)
FNDA:2,(anonymous_4)
DA:28,1
DA:29,6
DA:30,6
DA:31,6
DA:32,6
DA:33,6
DA:38,6
DA:51,2
DA:66,6
DA:82,2
LF:10
LH:10
BRDA:39,0,0,0
BRDA:39,0,1,6
BRDA:38,1,0,6
BRDA:38,1,1,1
BRDA:42,2,0,0
BRDA:42,2,1,6
BRDA:83,3,0,1
BRDA:83,3,1,1
BRF:8
BRH:6
end_of_record
TN:
SF:/Users/rene8209/Sites/experimental/example-apps/maps-app-javascript/src/app/widgets/UserNav/components/UserMenu.tsx
FN:18,(anonymous_1)
FN:37,(anonymous_2)
FNF:2
FNH:1
FNDA:0,(anonymous_1)
FNDA:5,(anonymous_2)
DA:18,1
DA:26,1
DA:37,5
LF:3
LH:3
BRDA:43,0,0,0
BRDA:43,0,1,5
BRF:2
BRH:1
end_of_record
TN:
SF:/Users/rene8209/Sites/experimental/example-apps/maps-app-javascript/tests/unit/app/Application.ts
FN:13,(anonymous_1)
FN:14,(anonymous_2)
FNF:2
FNH:2
FNDA:1,(anonymous_1)
FNDA:1,(anonymous_2)
DA:6,1
DA:10,1
DA:11,1
DA:13,1
DA:14,1
DA:15,1
DA:16,1
DA:17,1
LF:8
LH:8
BRF:0
BRH:0
end_of_record
TN:
SF:/Users/rene8209/Sites/experimental/example-apps/maps-app-javascript/tests/unit/app/utils/dateUtils.ts
FN:8,(anonymous_1)
FN:9,(anonymous_2)
FN:19,(anonymous_3)
FNF:3
FNH:3
FNDA:1,(anonymous_1)
FNDA:1,(anonymous_2)
FNDA:1,(anonymous_3)
DA:5,1
DA:6,1
DA:8,1
DA:9,1
DA:10,1
DA:11,1
DA:12,1
DA:15,1
DA:16,1
DA:19,1
DA:20,1
DA:21,1
DA:22,1
DA:25,1
DA:26,1
LF:15
LH:15
BRF:0
BRH:0
end_of_record
TN:
SF:/Users/rene8209/Sites/experimental/example-apps/maps-app-javascript/tests/unit/app/widgets/Authenticate/AuthenticateViewModel.ts
FN:12,(anonymous_1)
FN:15,(anonymous_2)
FN:20,(anonymous_3)
FN:25,(anonymous_6)
FN:37,(anonymous_9)
FN:49,(anonymous_12)
FNF:6
FNH:6
FNDA:1,(anonymous_1)
FNDA:4,(anonymous_2)
FNDA:1,(anonymous_3)
FNDA:1,(anonymous_6)
FNDA:1,(anonymous_9)
FNDA:1,(anonymous_12)
DA:4,1
DA:9,1
DA:10,1
DA:12,1
DA:15,1
DA:16,4
DA:17,4
DA:20,1
DA:21,1
DA:22,1
DA:25,1
DA:26,1
DA:27,1
DA:31,1
DA:32,1
DA:33,1
DA:34,1
DA:37,1
DA:38,1
DA:39,1
DA:43,1
DA:44,1
DA:45,1
DA:46,1
DA:49,1
DA:50,1
DA:51,1
DA:52,1
DA:53,1
LF:29
LH:29
BRF:0
BRH:0
end_of_record
TN:
SF:/Users/rene8209/Sites/experimental/example-apps/maps-app-javascript/tests/unit/app/widgets/Authenticate/components/AuthComponents.ts
FN:13,(anonymous_1)
FN:17,(anonymous_2)
FN:24,(anonymous_3)
FN:29,(anonymous_4)
FN:35,(anonymous_5)
FNF:5
FNH:5
FNDA:1,(anonymous_1)
FNDA:1,(anonymous_2)
FNDA:1,(anonymous_3)
FNDA:1,(anonymous_4)
FNDA:1,(anonymous_5)
DA:10,1
DA:11,1
DA:13,1
DA:14,1
DA:15,1
DA:17,1
DA:18,1
DA:19,1
DA:20,1
DA:21,1
DA:24,1
DA:25,1
DA:26,1
DA:29,1
DA:30,1
DA:31,1
DA:32,1
DA:35,1
DA:36,1
DA:43,1
DA:44,1
DA:45,1
LF:22
LH:22
BRF:0
BRH:0
end_of_record
TN:
SF:/Users/rene8209/Sites/experimental/example-apps/maps-app-javascript/~tmp/webpack:/node_modules/calcite-web/es6.js
FN:1,(anonymous_190)
FN:38,translateKeypress
FN:61,isScrolling
FN:83,init
FN:84,(anonymous_194)
FN:89,extend
FN:92,(anonymous_196)
FNF:7
FNH:0
FNDA:0,(anonymous_190)
FNDA:0,translateKeypress
FNDA:0,isScrolling
FNDA:0,init
FNDA:0,(anonymous_194)
FNDA:0,extend
FNDA:0,(anonymous_196)
DA:1,0
DA:37,0
DA:39,0
DA:40,0
DA:41,0
DA:42,0
DA:43,0
DA:44,0
DA:45,0
DA:46,0
DA:47,0
DA:48,0
DA:49,0
DA:50,0
DA:51,0
DA:52,0
DA:60,0
DA:62,0
DA:70,0
DA:84,0
DA:85,0
DA:91,0
DA:92,0
DA:94,0
DA:95,0
DA:98,0
DA:99,0
DA:100,0
DA:101,0
DA:102,0
DA:103,0
DA:104,0
DA:109,0
DA:112,0
DA:113,0
DA:115,0
DA:122,0
DA:123,0
DA:124,0
DA:125,0
DA:126,0
DA:127,0
DA:128,0
DA:129,0
DA:130,0
DA:131,0
DA:132,0
DA:133,0
DA:134,0
DA:135,0
DA:136,0
DA:137,0
DA:138,0
DA:139,0
DA:140,0
DA:141,0
LF:56
LH:0
BRDA:39,0,0,0
BRDA:39,0,1,0
BRDA:41,1,0,0
BRDA:41,1,1,0
BRDA:43,2,0,0
BRDA:43,2,1,0
BRDA:45,3,0,0
BRDA:45,3,1,0
BRDA:47,4,0,0
BRDA:47,4,1,0
BRDA:49,5,0,0
BRDA:49,5,1,0
BRDA:51,6,0,0
BRDA:51,6,1,0
BRDA:91,7,0,0
BRDA:91,7,1,0
BRDA:94,8,0,0
BRDA:94,8,1,0
BRDA:101,9,0,0
BRDA:101,9,1,0
BRDA:103,10,0,0
BRDA:103,10,1,0
BRF:22
BRH:0
end_of_record
TN:
SF:/Users/rene8209/Sites/experimental/example-apps/maps-app-javascript/~tmp/webpack:/node_modules/calcite-web/lib/js/helpers/aria.js
FN:7,toggleHidden
FN:8,(anonymous_50)
FN:22,hide
FN:23,(anonymous_52)
FN:32,show
FN:33,(anonymous_54)
FN:41,toggleExpanded
FNF:7
FNH:0
FNDA:0,toggleHidden
FNDA:0,(anonymous_50)
FNDA:0,hide
FNDA:0,(anonymous_52)
FNDA:0,show
FNDA:0,(anonymous_54)
FNDA:0,toggleExpanded
DA:1,0
DA:8,0
DA:9,0
DA:10,0
DA:12,0
DA:13,0
DA:14,0
DA:16,0
DA:23,0
DA:24,0
DA:25,0
DA:27,0
DA:33,0
DA:34,0
DA:35,0
DA:37,0
DA:42,0
DA:43,0
DA:45,0
DA:46,0
DA:47,0
DA:49,0
LF:22
LH:0
BRDA:9,0,0,0
BRDA:9,0,1,0
BRDA:13,1,0,0
BRDA:13,1,1,0
BRDA:24,2,0,0
BRDA:24,2,1,0
BRDA:34,3,0,0
BRDA:34,3,1,0
BRDA:42,4,0,0
BRDA:42,4,1,0
BRDA:46,5,0,0
BRDA:46,5,1,0
BRF:12
BRH:0
end_of_record
TN:
SF:/Users/rene8209/Sites/experimental/example-apps/maps-app-javascript/~tmp/webpack:/node_modules/calcite-web/lib/js/helpers/bus.js
FN:1,E
FN:7,(anonymous_16)
FN:18,(anonymous_17)
FN:20,listener
FN:29,(anonymous_19)
FN:42,(anonymous_20)
FNF:6
FNH:0
FNDA:0,E
FNDA:0,(anonymous_16)
FNDA:0,(anonymous_17)
FNDA:0,listener
FNDA:0,(anonymous_19)
FNDA:0,(anonymous_20)
DA:6,0
DA:8,0
DA:10,0
DA:15,0
DA:19,0
DA:21,0
DA:22,0
DA:25,0
DA:26,0
DA:30,0
DA:31,0
DA:32,0
DA:33,0
DA:35,0
DA:36,0
DA:39,0
DA:43,0
DA:44,0
DA:45,0
DA:47,0
DA:48,0
DA:49,0
DA:50,0
DA:59,0
DA:62,0
DA:66,0
DA:67,0
LF:27
LH:0
BRDA:8,0,0,0
BRDA:8,0,1,0
BRDA:10,1,0,0
BRDA:10,1,1,0
BRDA:31,2,0,0
BRDA:31,2,1,0
BRDA:31,3,0,0
BRDA:31,3,1,0
BRDA:43,4,0,0
BRDA:43,4,1,0
BRDA:47,5,0,0
BRDA:47,5,1,0
BRDA:47,6,0,0
BRDA:47,6,1,0
BRDA:49,7,0,0
BRDA:49,7,1,0
BRDA:49,8,0,0
BRDA:49,8,1,0
BRDA:60,9,0,0
BRDA:60,9,1,0
BRF:20
BRH:0
end_of_record
TN:
SF:/Users/rene8209/Sites/experimental/example-apps/maps-app-javascript/~tmp/webpack:/node_modules/calcite-web/lib/js/helpers/classy.js
FN:9,has
FN:14,add
FN:15,(anonymous_24)
FN:24,remove
FN:25,(anonymous_26)
FN:34,toggle
FN:43,removeActive
FN:45,(anonymous_29)
FN:51,addActive
FN:53,(anonymous_31)
FN:59,toggleActive
FNF:11
FNH:0
FNDA:0,has
FNDA:0,add
FNDA:0,(anonymous_24)
FNDA:0,remove
FNDA:0,(anonymous_26)
FNDA:0,toggle
FNDA:0,removeActive
FNDA:0,(anonymous_29)
FNDA:0,addActive
FNDA:0,(anonymous_31)
FNDA:0,toggleActive
DA:1,0
DA:10,0
DA:15,0
DA:16,0
DA:17,0
DA:18,0
DA:25,0
DA:26,0
DA:27,0
DA:28,0
DA:35,0
DA:36,0
DA:38,0
DA:44,0
DA:45,0
DA:46,0
DA:52,0
DA:53,0
DA:54,0
DA:60,0
DA:61,0
LF:21
LH:0
BRDA:16,0,0,0
BRDA:16,0,1,0
BRDA:17,1,0,0
BRDA:17,1,1,0
BRDA:27,2,0,0
BRDA:27,2,1,0
BRDA:35,3,0,0
BRDA:35,3,1,0
BRF:8
BRH:0
end_of_record
TN:
SF:/Users/rene8209/Sites/experimental/example-apps/maps-app-javascript/~tmp/webpack:/node_modules/calcite-web/lib/js/helpers/clipboard.js
FN:6,clipboard
FN:10,bindButtons
FN:12,(anonymous_200)
FN:20,copy
FNF:4
FNH:0
FNDA:0,clipboard
FNDA:0,bindButtons
FNDA:0,(anonymous_200)
FNDA:0,copy
DA:1,0
DA:7,0
DA:8,0
DA:11,0
DA:12,0
DA:13,0
DA:16,0
DA:21,0
DA:22,0
DA:23,0
DA:24,0
DA:27,0
LF:12
LH:0
BRDA:11,0,0,0
BRDA:11,0,1,0
BRF:2
BRH:0
end_of_record
TN:
SF:/Users/rene8209/Sites/experimental/example-apps/maps-app-javascript/~tmp/webpack:/node_modules/calcite-web/lib/js/helpers/dom.js
FN:9,closest
FN:20,nodeListToArray
FN:29,findElements
FN:35,filterArray
FN:36,(anonymous_13)
FNF:5
FNH:0
FNDA:0,closest
FNDA:0,nodeListToArray
FNDA:0,findElements
FNDA:0,filterArray
FNDA:0,(anonymous_13)
DA:11,0
DA:12,0
DA:13,0
DA:16,0
DA:21,0
DA:22,0
DA:24,0
DA:30,0
DA:31,0
DA:32,0
DA:36,0
DA:37,0
DA:38,0
DA:39,0
DA:41,0
LF:15
LH:0
BRDA:12,0,0,0
BRDA:12,0,1,0
BRDA:12,1,0,0
BRDA:12,1,1,0
BRDA:21,2,0,0
BRDA:21,2,1,0
BRDA:30,3,0,0
BRDA:30,3,1,0
BRF:8
BRH:0
end_of_record
TN:
SF:/Users/rene8209/Sites/experimental/example-apps/maps-app-javascript/~tmp/webpack:/node_modules/calcite-web/lib/js/helpers/event.js
FN:13,click
FN:18,add
FN:27,remove
FN:36,target
FN:41,preventDefault
FN:50,stopPropagation
FN:62,throttle
FN:65,(anonymous_42)
FN:74,(anonymous_43)
FNF:9
FNH:0
FNDA:0,click
FNDA:0,add
FNDA:0,remove
FNDA:0,target
FNDA:0,preventDefault
FNDA:0,stopPropagation
FNDA:0,throttle
FNDA:0,(anonymous_42)
FNDA:0,(anonymous_43)
DA:1,0
DA:5,0
DA:14,0
DA:19,0
DA:20,0
DA:21,0
DA:22,0
DA:28,0
DA:29,0
DA:30,0
DA:31,0
DA:37,0
DA:42,0
DA:43,0
DA:44,0
DA:45,0
DA:51,0
DA:52,0
DA:53,0
DA:55,0
DA:56,0
DA:65,0
DA:67,0
DA:68,0
DA:69,0
DA:70,0
DA:74,0
DA:75,0
DA:77,0
DA:80,0
DA:81,0
DA:82,0
DA:86,0
LF:33
LH:0
BRDA:19,0,0,0
BRDA:19,0,1,0
BRDA:21,1,0,0
BRDA:21,1,1,0
BRDA:28,2,0,0
BRDA:28,2,1,0
BRDA:30,3,0,0
BRDA:30,3,1,0
BRDA:37,4,0,0
BRDA:37,4,1,0
BRDA:42,5,0,0
BRDA:42,5,1,0
BRDA:44,6,0,0
BRDA:44,6,1,0
BRDA:51,7,0,0
BRDA:51,7,1,0
BRDA:52,8,0,0
BRDA:52,8,1,0
BRDA:55,9,0,0
BRDA:55,9,1,0
BRDA:68,10,0,0
BRDA:68,10,1,0
BRDA:75,11,0,0
BRDA:75,11,1,0
BRF:24
BRH:0
end_of_record
TN:
SF:/Users/rene8209/Sites/experimental/example-apps/maps-app-javascript/~tmp/webpack:/node_modules/calcite-web/lib/js/helpers/guid.js
FN:3,gen
FN:11,Guid
FN:19,(anonymous_64)
FN:22,(anonymous_65)
FN:25,(anonymous_66)
FN:28,(anonymous_67)
FN:34,(anonymous_68)
FN:37,(anonymous_69)
FN:40,(anonymous_70)
FNF:9
FNH:0
FNDA:0,gen
FNDA:0,Guid
FNDA:0,(anonymous_64)
FNDA:0,(anonymous_65)
FNDA:0,(anonymous_66)
FNDA:0,(anonymous_67)
FNDA:0,(anonymous_68)
FNDA:0,(anonymous_69)
FNDA:0,(anonymous_70)
DA:1,0
DA:4,0
DA:5,0
DA:6,0
DA:8,0
DA:12,0
DA:13,0
DA:14,0
DA:15,0
DA:16,0
DA:17,0
DA:19,0
DA:20,0
DA:22,0
DA:23,0
DA:25,0
DA:26,0
DA:28,0
DA:29,0
DA:33,0
DA:34,0
DA:35,0
DA:37,0
DA:38,0
DA:40,0
DA:41,0
DA:44,0
LF:27
LH:0
BRDA:12,0,0,0
BRDA:12,0,1,0
BRDA:14,1,0,0
BRDA:14,1,1,0
BRDA:14,2,0,0
BRDA:14,2,1,0
BRDA:16,3,0,0
BRDA:16,3,1,0
BRDA:16,4,0,0
BRDA:16,4,1,0
BRDA:16,4,2,0
BRDA:20,5,0,0
BRDA:20,5,1,0
BRDA:35,6,0,0
BRDA:35,6,1,0
BRDA:35,6,2,0
BRF:16
BRH:0
end_of_record
TN:
SF:/Users/rene8209/Sites/experimental/example-apps/maps-app-javascript/~tmp/webpack:/node_modules/calcite-web/lib/js/patterns/accordion.js
FN:18,toggleClick
FN:24,handleToggle
FN:29,checkKeyCode
FN:35,bindAccordions
FN:38,(anonymous_207)
FN:46,setUpAccordion
FN:49,(anonymous_209)
FN:58,(anonymous_210)
FN:72,addListeners
FN:80,accordion
FNF:10
FNH:0
FNDA:0,toggleClick
FNDA:0,handleToggle
FNDA:0,checkKeyCode
FNDA:0,bindAccordions
FNDA:0,(anonymous_207)
FNDA:0,setUpAccordion
FNDA:0,(anonymous_209)
FNDA:0,(anonymous_210)
FNDA:0,addListeners
FNDA:0,accordion
DA:1,0
DA:19,0
DA:20,0
DA:21,0
DA:25,0
DA:26,0
DA:30,0
DA:31,0
DA:36,0
DA:37,0
DA:38,0
DA:39,0
DA:42,0
DA:47,0
DA:48,0
DA:49,0
DA:50,0
DA:51,0
DA:52,0
DA:53,0
DA:54,0
DA:57,0
DA:58,0
DA:59,0
DA:60,0
DA:63,0
DA:64,0
DA:65,0
DA:66,0
DA:67,0
DA:73,0
DA:74,0
DA:75,0
DA:78,0
DA:82,0
DA:83,0
DA:85,0
LF:37
LH:0
BRDA:30,0,0,0
BRDA:30,0,1,0
BRDA:30,1,0,0
BRDA:30,1,1,0
BRDA:37,2,0,0
BRDA:37,2,1,0
BRDA:53,3,0,0
BRDA:53,3,1,0
BRDA:59,4,0,0
BRDA:59,4,1,0
BRDA:59,5,0,0
BRDA:59,5,1,0
BRDA:59,5,2,0
BRDA:63,6,0,0
BRDA:63,6,1,0
BRDA:82,7,0,0
BRDA:82,7,1,0
BRF:17
BRH:0
end_of_record
TN:
SF:/Users/rene8209/Sites/experimental/example-apps/maps-app-javascript/~tmp/webpack:/node_modules/calcite-web/lib/js/patterns/drawers.js
FN:12,drawer
FN:25,openDrawer
FN:45,closeDrawer
FN:47,(anonymous_233)
FN:63,fenceDrawer
FN:65,(anonymous_235)
FN:73,bindDrawers
FN:75,(anonymous_237)
FN:83,closeClick
FN:89,toggleClick
FNF:10
FNH:0
FNDA:0,drawer
FNDA:0,openDrawer
FNDA:0,closeDrawer
FNDA:0,(anonymous_233)
FNDA:0,fenceDrawer
FNDA:0,(anonymous_235)
FNDA:0,bindDrawers
FNDA:0,(anonymous_237)
FNDA:0,closeClick
FNDA:0,toggleClick
DA:1,0
DA:13,0
DA:14,0
DA:15,0
DA:16,0
DA:20,0
DA:21,0
DA:22,0
DA:23,0
DA:26,0
DA:27,0
DA:28,0
DA:29,0
DA:31,0
DA:32,0
DA:34,0
DA:35,0
DA:36,0
DA:37,0
DA:40,0
DA:41,0
DA:42,0
DA:46,0
DA:47,0
DA:48,0
DA:49,0
DA:52,0
DA:53,0
DA:54,0
DA:56,0
DA:57,0
DA:58,0
DA:59,0
DA:60,0
DA:64,0
DA:65,0
DA:66,0
DA:67,0
DA:74,0
DA:75,0
DA:76,0
DA:79,0
DA:84,0
DA:85,0
DA:90,0
DA:91,0
DA:92,0
DA:95,0
DA:98,0
LF:49
LH:0
BRDA:34,0,0,0
BRDA:34,0,1,0
BRDA:36,1,0,0
BRDA:36,1,1,0
BRDA:46,2,0,0
BRDA:46,2,1,0
BRDA:60,3,0,0
BRDA:60,3,1,0
BRDA:64,4,0,0
BRDA:64,4,1,0
BRDA:66,5,0,0
BRDA:66,5,1,0
BRDA:74,6,0,0
BRDA:74,6,1,0
BRDA:84,7,0,0
BRDA:84,7,1,0
BRF:16
BRH:0
end_of_record
TN:
SF:/Users/rene8209/Sites/experimental/example-apps/maps-app-javascript/~tmp/webpack:/node_modules/calcite-web/lib/js/patterns/dropdown.js
FN:11,closeAllDropdowns
FN:13,(anonymous_215)
FN:16,(anonymous_216)
FN:22,toggleDropdown
FN:38,seizeArrows
FN:44,bindDropdowns
FN:47,(anonymous_220)
FN:50,(anonymous_221)
FN:62,dropdownIsOpen
FN:71,dropownFocusOn
FN:96,arrowDown
FN:104,arrowUp
FN:112,toggleClick
FN:119,addListeners
FN:131,dropdown
FNF:15
FNH:0
FNDA:0,closeAllDropdowns
FNDA:0,(anonymous_215)
FNDA:0,(anonymous_216)
FNDA:0,toggleDropdown
FNDA:0,seizeArrows
FNDA:0,bindDropdowns
FNDA:0,(anonymous_220)
FNDA:0,(anonymous_221)
FNDA:0,dropdownIsOpen
FNDA:0,dropownFocusOn
FNDA:0,arrowDown
FNDA:0,arrowUp
FNDA:0,toggleClick
FNDA:0,addListeners
FNDA:0,dropdown
DA:1,0
DA:12,0
DA:13,0
DA:14,0
DA:16,0
DA:17,0
DA:19,0
DA:23,0
DA:24,0
DA:25,0
DA:26,0
DA:27,0
DA:28,0
DA:29,0
DA:31,0
DA:33,0
DA:34,0
DA:39,0
DA:40,0
DA:46,0
DA:47,0
DA:49,0
DA:50,0
DA:51,0
DA:52,0
DA:55,0
DA:56,0
DA:57,0
DA:63,0
DA:64,0
DA:65,0
DA:67,0
DA:72,0
DA:73,0
DA:74,0
DA:75,0
DA:76,0
DA:78,0
DA:81,0
DA:82,0
DA:83,0
DA:84,0
DA:87,0
DA:88,0
DA:89,0
DA:93,0
DA:97,0
DA:98,0
DA:99,0
DA:100,0
DA:105,0
DA:106,0
DA:107,0
DA:108,0
DA:113,0
DA:114,0
DA:115,0
DA:116,0
DA:120,0
DA:121,0
DA:122,0
DA:123,0
DA:124,0
DA:125,0
DA:126,0
DA:129,0
DA:133,0
DA:134,0
DA:136,0
LF:69
LH:0
BRDA:23,0,0,0
BRDA:23,0,1,0
BRDA:26,1,0,0
BRDA:26,1,1,0
BRDA:28,2,0,0
BRDA:28,2,1,0
BRDA:33,3,0,0
BRDA:33,3,1,0
BRDA:39,4,0,0
BRDA:39,4,1,0
BRDA:51,5,0,0
BRDA:51,5,1,0
BRDA:51,6,0,0
BRDA:51,6,1,0
BRDA:51,6,2,0
BRDA:55,7,0,0
BRDA:55,7,1,0
BRDA:64,8,0,0
BRDA:64,8,1,0
BRDA:74,9,0,0
BRDA:74,9,1,0
BRDA:75,10,0,0
BRDA:75,10,1,0
BRDA:81,11,0,0
BRDA:81,11,1,0
BRDA:83,12,0,0
BRDA:83,12,1,0
BRDA:88,13,0,0
BRDA:88,13,1,0
BRDA:98,14,0,0
BRDA:98,14,1,0
BRDA:106,15,0,0
BRDA:106,15,1,0
BRDA:133,16,0,0
BRDA:133,16,1,0
BRF:35
BRH:0
end_of_record
TN:
SF:/Users/rene8209/Sites/experimental/example-apps/maps-app-javascript/~tmp/webpack:/node_modules/calcite-web/lib/js/patterns/filter-dropdown.js
FN:12,filterDropdown
FN:24,bindFilterDropdowns
FN:26,(anonymous_243)
FN:51,(anonymous_244)
FN:53,(anonymous_245)
FN:57,(anonymous_246)
FN:64,getOptions
FN:73,inputFocus
FN:79,itemClick
FN:86,toggleClick
FN:93,toggleDropdown
FN:102,toggleItem
FN:106,removeItem
FN:121,openList
FN:128,(anonymous_255)
FN:129,(anonymous_256)
FN:132,closeList
FN:138,(anonymous_258)
FN:139,(anonymous_259)
FN:142,emitActive
FN:152,drawActive
FN:176,removeClick
FN:183,clearActive
FNF:23
FNH:0
FNDA:0,filterDropdown
FNDA:0,bindFilterDropdowns
FNDA:0,(anonymous_243)
FNDA:0,(anonymous_244)
FNDA:0,(anonymous_245)
FNDA:0,(anonymous_246)
FNDA:0,getOptions
FNDA:0,inputFocus
FNDA:0,itemClick
FNDA:0,toggleClick
FNDA:0,toggleDropdown
FNDA:0,toggleItem
FNDA:0,removeItem
FNDA:0,openList
FNDA:0,(anonymous_255)
FNDA:0,(anonymous_256)
FNDA:0,closeList
FNDA:0,(anonymous_258)
FNDA:0,(anonymous_259)
FNDA:0,emitActive
FNDA:0,drawActive
FNDA:0,removeClick
FNDA:0,clearActive
DA:1,0
DA:13,0
DA:14,0
DA:15,0
DA:16,0
DA:17,0
DA:18,0
DA:19,0
DA:20,0
DA:21,0
DA:22,0
DA:25,0
DA:26,0
DA:27,0
DA:28,0
DA:29,0
DA:31,0
DA:32,0
DA:33,0
DA:34,0
DA:35,0
DA:37,0
DA:38,0
DA:39,0
DA:40,0
DA:41,0
DA:44,0
DA:45,0
DA:46,0
DA:47,0
DA:48,0
DA:51,0
DA:52,0
DA:53,0
DA:54,0
DA:57,0
DA:58,0
DA:65,0
DA:66,0
DA:74,0
DA:75,0
DA:76,0
DA:80,0
DA:81,0
DA:82,0
DA:83,0
DA:87,0
DA:88,0
DA:89,0
DA:90,0
DA:94,0
DA:95,0
DA:96,0
DA:98,0
DA:103,0
DA:107,0
DA:108,0
DA:109,0
DA:111,0
DA:113,0
DA:118,0
DA:122,0
DA:123,0
DA:124,0
DA:126,0
DA:127,0
DA:128,0
DA:129,0
DA:133,0
DA:134,0
DA:136,0
DA:137,0
DA:138,0
DA:139,0
DA:143,0
DA:144,0
DA:149,0
DA:153,0
DA:155,0
DA:156,0
DA:157,0
DA:159,0
DA:162,0
DA:163,0
DA:164,0
DA:170,0
DA:171,0
DA:172,0
DA:177,0
DA:178,0
DA:179,0
DA:180,0
DA:184,0
DA:185,0
DA:186,0
DA:190,0
DA:193,0
LF:97
LH:0
BRDA:95,0,0,0
BRDA:95,0,1,0
BRDA:156,1,0,0
BRDA:156,1,1,0
BRF:4
BRH:0
end_of_record
TN:
SF:/Users/rene8209/Sites/experimental/example-apps/maps-app-javascript/~tmp/webpack:/node_modules/calcite-web/lib/js/patterns/modal.js
FN:18,modal
FN:32,dependentNodes
FN:43,openModal
FN:55,closeModal
FN:67,bindModals
FN:69,(anonymous_270)
FN:77,fenceModal
FN:79,(anonymous_272)
FN:87,toggleClick
FNF:9
FNH:0
FNDA:0,modal
FNDA:0,dependentNodes
FNDA:0,openModal
FNDA:0,closeModal
FNDA:0,bindModals
FNDA:0,(anonymous_270)
FNDA:0,fenceModal
FNDA:0,(anonymous_272)
FNDA:0,toggleClick
DA:1,0
DA:20,0
DA:21,0
DA:22,0
DA:23,0
DA:24,0
DA:27,0
DA:28,0
DA:29,0
DA:30,0
DA:33,0
DA:34,0
DA:35,0
DA:37,0
DA:38,0
DA:40,0
DA:44,0
DA:45,0
DA:46,0
DA:47,0
DA:48,0
DA:49,0
DA:50,0
DA:51,0
DA:52,0
DA:56,0
DA:57,0
DA:59,0
DA:60,0
DA:61,0
DA:62,0
DA:63,0
DA:64,0
DA:68,0
DA:69,0
DA:70,0
DA:73,0
DA:78,0
DA:79,0
DA:80,0
DA:81,0
DA:88,0
DA:89,0
DA:90,0
DA:93,0
DA:96,0
LF:46
LH:0
BRDA:34,0,0,0
BRDA:34,0,1,0
BRDA:37,1,0,0
BRDA:37,1,1,0
BRDA:45,2,0,0
BRDA:45,2,1,0
BRDA:56,3,0,0
BRDA:56,3,1,0
BRDA:59,4,0,0
BRDA:59,4,1,0
BRDA:68,5,0,0
BRDA:68,5,1,0
BRDA:78,6,0,0
BRDA:78,6,1,0
BRDA:80,7,0,0
BRDA:80,7,1,0
BRF:16
BRH:0
end_of_record
TN:
SF:/Users/rene8209/Sites/experimental/example-apps/maps-app-javascript/~tmp/webpack:/node_modules/calcite-web/lib/js/patterns/search.js
FN:11,search
FN:20,bindSearches
FN:22,(anonymous_277)
FN:30,toggleSearch
FN:40,focusSearch
FN:45,closeSearch
FN:58,toggleClick
FNF:7
FNH:0
FNDA:0,search
FNDA:0,bindSearches
FNDA:0,(anonymous_277)
FNDA:0,toggleSearch
FNDA:0,focusSearch
FNDA:0,closeSearch
FNDA:0,toggleClick
DA:1,0
DA:12,0
DA:13,0
DA:15,0
DA:16,0
DA:17,0
DA:18,0
DA:21,0
DA:22,0
DA:23,0
DA:26,0
DA:31,0
DA:32,0
DA:33,0
DA:34,0
DA:35,0
DA:36,0
DA:37,0
DA:41,0
DA:42,0
DA:46,0
DA:47,0
DA:48,0
DA:49,0
DA:50,0
DA:51,0
DA:52,0
DA:53,0
DA:59,0
DA:60,0
DA:63,0
DA:66,0
LF:32
LH:0
BRDA:21,0,0,0
BRDA:21,0,1,0
BRDA:46,1,0,0
BRDA:46,1,1,0
BRDA:52,2,0,0
BRDA:52,2,1,0
BRF:6
BRH:0
end_of_record
TN:
SF:/Users/rene8209/Sites/experimental/example-apps/maps-app-javascript/~tmp/webpack:/node_modules/calcite-web/lib/js/patterns/select-nav.js
FN:5,selectNav
FN:10,bindSelects
FN:11,(anonymous_285)
FN:16,selectPage
FNF:4
FNH:0
FNDA:0,selectNav
FNDA:0,bindSelects
FNDA:0,(anonymous_285)
FNDA:0,selectPage
DA:6,0
DA:8,0
DA:11,0
DA:12,0
DA:17,0
DA:20,0
DA:23,0
LF:7
LH:0
BRF:0
BRH:0
end_of_record
TN:
SF:/Users/rene8209/Sites/experimental/example-apps/maps-app-javascript/~tmp/webpack:/node_modules/calcite-web/lib/js/patterns/sticky.js
FN:11,sticky
FN:17,(anonymous_289)
FN:29,createShim
FN:42,stickItem
FN:51,unstickItem
FN:60,scrollHandler
FN:61,(anonymous_294)
FNF:7
FNH:0
FNDA:0,sticky
FNDA:0,(anonymous_289)
FNDA:0,createShim
FNDA:0,stickItem
FNDA:0,unstickItem
FNDA:0,scrollHandler
FNDA:0,(anonymous_294)
DA:1,0
DA:12,0
DA:13,0
DA:14,0
DA:16,0
DA:17,0
DA:18,0
DA:19,0
DA:20,0
DA:21,0
DA:22,0
DA:23,0
DA:30,0
DA:31,0
DA:32,0
DA:33,0
DA:34,0
DA:35,0
DA:36,0
DA:37,0
DA:38,0
DA:39,0
DA:43,0
DA:44,0
DA:45,0
DA:46,0
DA:47,0
DA:52,0
DA:53,0
DA:54,0
DA:55,0
DA:56,0
DA:61,0
DA:62,0
DA:63,0
DA:64,0
DA:65,0
DA:68,0
DA:69,0
DA:70,0
DA:73,0
DA:74,0
DA:76,0
DA:82,0
LF:44
LH:0
BRDA:19,0,0,0
BRDA:19,0,1,0
BRDA:22,1,0,0
BRDA:22,1,1,0
BRDA:45,2,0,0
BRDA:45,2,1,0
BRDA:45,3,0,0
BRDA:45,3,1,0
BRDA:54,4,0,0
BRDA:54,4,1,0
BRDA:54,5,0,0
BRDA:54,5,1,0
BRDA:63,6,0,0
BRDA:63,6,1,0
BRDA:68,7,0,0
BRDA:68,7,1,0
BRDA:69,8,0,0
BRDA:69,8,1,0
BRDA:73,9,0,0
BRDA:73,9,1,0
BRF:20
BRH:0
end_of_record
TN:
SF:/Users/rene8209/Sites/experimental/example-apps/maps-app-javascript/~tmp/webpack:/node_modules/calcite-web/lib/js/patterns/tabs.js
FN:12,tabs
FN:16,bindTabs
FN:22,(anonymous_298)
FN:33,(anonymous_299)
FN:41,(anonymous_300)
FN:52,groupId
FN:63,setTab
FN:72,(anonymous_303)
FN:78,(anonymous_304)
FN:85,getOptions
FN:99,clickTab
FN:105,enterTab
FNF:12
FNH:0
FNDA:0,tabs
FNDA:0,bindTabs
FNDA:0,(anonymous_298)
FNDA:0,(anonymous_299)
FNDA:0,(anonymous_300)
FNDA:0,groupId
FNDA:0,setTab
FNDA:0,(anonymous_303)
FNDA:0,(anonymous_304)
FNDA:0,getOptions
FNDA:0,clickTab
FNDA:0,enterTab
DA:1,0
DA:13,0
DA:14,0
DA:17,0
DA:18,0
DA:19,0
DA:22,0
DA:23,0
DA:24,0
DA:25,0
DA:26,0
DA:27,0
DA:28,0
DA:29,0
DA:33,0
DA:34,0
DA:35,0
DA:36,0
DA:37,0
DA:38,0
DA:41,0
DA:42,0
DA:43,0
DA:44,0
DA:45,0
DA:47,0
DA:53,0
DA:54,0
DA:55,0
DA:57,0
DA:58,0
DA:59,0
DA:64,0
DA:65,0
DA:66,0
DA:68,0
DA:69,0
DA:70,0
DA:72,0
DA:73,0
DA:75,0
DA:76,0
DA:78,0
DA:79,0
DA:81,0
DA:82,0
DA:86,0
DA:87,0
DA:88,0
DA:90,0
DA:91,0
DA:92,0
DA:100,0
DA:101,0
DA:102,0
DA:106,0
DA:107,0
DA:108,0
DA:112,0
DA:115,0
LF:60
LH:0
BRDA:44,0,0,0
BRDA:44,0,1,0
BRDA:54,1,0,0
BRDA:54,1,1,0
BRDA:87,2,0,0
BRDA:87,2,1,0
BRDA:107,3,0,0
BRDA:107,3,1,0
BRF:8
BRH:0
end_of_record
TN:
SF:/Users/rene8209/Sites/experimental/example-apps/maps-app-javascript/~tmp/webpack:/src/app/Application.ts
FN:41,(anonymous_120)
FN:43,(anonymous_121)
FN:46,(anonymous_122)
FN:45,Application
FN:54,(anonymous_124)
FN:70,(anonymous_127)
FNF:6
FNH:0
FNDA:0,(anonymous_120)
FNDA:0,(anonymous_121)
FNDA:0,(anonymous_122)
FNDA:0,Application
FNDA:0,(anonymous_124)
FNDA:0,(anonymous_127)
DA:41,0
DA:43,0
DA:45,0
DA:46,0
DA:48,0
DA:50,0
DA:52,0
DA:54,0
DA:56,0
DA:58,0
DA:59,0
DA:60,0
DA:61,0
DA:62,0
DA:63,0
DA:65,0
DA:70,0
DA:72,0
DA:74,0
DA:75,0
DA:77,0
DA:84,0
DA:89,0
DA:94,0
DA:100,0
DA:141,0
DA:143,0
DA:145,0
LF:28
LH:0
BRDA:45,0,0,0
BRDA:45,0,1,0
BRDA:45,0,2,0
BRDA:54,1,0,0
BRDA:54,1,1,0
BRDA:56,2,0,0
BRDA:56,2,1,0
BRDA:59,3,0,0
BRDA:59,3,1,0
BRDA:145,4,0,0
BRDA:145,4,1,0
BRF:11
BRH:0
end_of_record
TN:
SF:/Users/rene8209/Sites/experimental/example-apps/maps-app-javascript/~tmp/webpack:/src/app/config.ts
FNF:0
FNH:0
DA:19,0
DA:24,0
DA:29,0
LF:3
LH:0
BRDA:29,0,0,0
BRDA:29,0,1,0
BRF:2
BRH:0
end_of_record
TN:
SF:/Users/rene8209/Sites/experimental/example-apps/maps-app-javascript/~tmp/webpack:/src/app/main.ts
FNF:0
FNH:0
DA:21,0
LF:1
LH:0
BRDA:21,0,0,0
BRDA:21,0,1,0
BRF:2
BRH:0
end_of_record
TN:
SF:/Users/rene8209/Sites/experimental/example-apps/maps-app-javascript/~tmp/webpack:/src/app/utils/dateUtils.ts
FN:22,(anonymous_111)
FN:29,(anonymous_112)
FN:36,(anonymous_113)
FN:36,(anonymous_114)
FN:52,(anonymous_115)
FNF:5
FNH:0
FNDA:0,(anonymous_111)
FNDA:0,(anonymous_112)
FNDA:0,(anonymous_113)
FNDA:0,(anonymous_114)
FNDA:0,(anonymous_115)
DA:22,0
DA:29,0
DA:30,0
DA:36,0
DA:37,0
DA:41,0
DA:45,0
DA:52,0
DA:53,0
DA:54,0
LF:10
LH:0
BRDA:52,0,0,0
BRDA:52,0,1,0
BRDA:54,1,0,0
BRDA:54,1,1,0
BRDA:52,2,0,0
BRDA:52,2,1,0
BRF:6
BRH:0
end_of_record
TN:
SF:/Users/rene8209/Sites/experimental/example-apps/maps-app-javascript/~tmp/webpack:/src/app/widgets/Authenticate.tsx
FN:53,(anonymous_149)
FN:77,Authenticate
FN:73,(anonymous_151)
FN:81,(anonymous_152)
FN:115,(anonymous_153)
FN:122,(anonymous_154)
FNF:6
FNH:0
FNDA:0,(anonymous_149)
FNDA:0,Authenticate
FNDA:0,(anonymous_151)
FNDA:0,(anonymous_152)
FNDA:0,(anonymous_153)
FNDA:0,(anonymous_154)
DA:47,0
DA:53,0
DA:57,0
DA:61,0
DA:65,0
DA:67,0
DA:73,0
DA:74,0
DA:77,0
DA:81,0
DA:82,0
DA:89,0
DA:92,0
DA:100,0
DA:115,0
DA:116,0
DA:122,0
DA:123,0
DA:125,0
DA:127,0
LF:20
LH:0
BRDA:78,0,0,0
BRDA:78,0,1,0
BRDA:82,1,0,0
BRDA:82,1,1,0
BRDA:89,2,0,0
BRDA:89,2,1,0
BRDA:116,3,0,0
BRDA:116,3,1,0
BRDA:127,4,0,0
BRDA:127,4,1,0
BRF:10
BRH:0
end_of_record
TN:
SF:/Users/rene8209/Sites/experimental/example-apps/maps-app-javascript/~tmp/webpack:/src/app/widgets/UserNav.tsx
FN:43,(anonymous_140)
FN:70,UserNav
FN:54,(anonymous_142)
FN:74,(anonymous_143)
FN:113,(anonymous_144)
FN:117,(anonymous_145)
FNF:6
FNH:0
FNDA:0,(anonymous_140)
FNDA:0,UserNav
FNDA:0,(anonymous_142)
FNDA:0,(anonymous_143)
FNDA:0,(anonymous_144)
FNDA:0,(anonymous_145)
DA:34,0
DA:43,0
DA:45,0
DA:54,0
DA:55,0
DA:56,0
DA:57,0
DA:59,0
DA:62,0
DA:66,0
DA:68,0
DA:70,0
DA:74,0
DA:75,0
DA:113,0
DA:114,0
DA:117,0
DA:118,0
DA:120,0
DA:122,0
LF:20
LH:0
BRDA:71,0,0,0
BRDA:71,0,1,0
BRDA:55,1,0,0
BRDA:55,1,1,0
BRDA:55,2,0,0
BRDA:55,2,1,0
BRDA:122,3,0,0
BRDA:122,3,1,0
BRF:8
BRH:0
end_of_record
TN:
SF:/Users/rene8209/Sites/experimental/example-apps/maps-app-javascript/~tmp/webpack:/src/app/widgets/Authenticate/AuthenticateViewModel.ts
FN:41,(anonymous_77)
FN:63,AuthenticateViewModel
FN:67,(anonymous_79)
FN:78,(anonymous_80)
FN:79,(anonymous_81)
FN:79,(anonymous_82)
FN:92,(anonymous_84)
FN:93,(anonymous_85)
FN:93,(anonymous_86)
FN:105,(anonymous_88)
FN:116,(anonymous_89)
FN:116,(anonymous_90)
FN:130,(anonymous_92)
FN:130,(anonymous_93)
FN:149,(anonymous_95)
FN:153,(anonymous_96)
FN:160,(anonymous_97)
FN:175,(anonymous_98)
FNF:18
FNH:0
FNDA:0,(anonymous_77)
FNDA:0,AuthenticateViewModel
FNDA:0,(anonymous_79)
FNDA:0,(anonymous_80)
FNDA:0,(anonymous_81)
FNDA:0,(anonymous_82)
FNDA:0,(anonymous_84)
FNDA:0,(anonymous_85)
FNDA:0,(anonymous_86)
FNDA:0,(anonymous_88)
FNDA:0,(anonymous_89)
FNDA:0,(anonymous_90)
FNDA:0,(anonymous_92)
FNDA:0,(anonymous_93)
FNDA:0,(anonymous_95)
FNDA:0,(anonymous_96)
FNDA:0,(anonymous_97)
FNDA:0,(anonymous_98)
DA:41,0
DA:45,0
DA:51,0
DA:56,0
DA:61,0
DA:63,0
DA:67,0
DA:68,0
DA:78,0
DA:79,0
DA:80,0
DA:81,0
DA:82,0
DA:84,0
DA:92,0
DA:93,0
DA:94,0
DA:95,0
DA:96,0
DA:98,0
DA:105,0
DA:106,0
DA:107,0
DA:108,0
DA:116,0
DA:117,0
DA:119,0
DA:120,0
DA:130,0
DA:131,0
DA:133,0
DA:134,0
DA:137,0
DA:138,0
DA:140,0
DA:149,0
DA:150,0
DA:153,0
DA:154,0
DA:160,0
DA:167,0
DA:168,0
DA:175,0
DA:176,0
DA:183,0
DA:185,0
DA:187,0
LF:47
LH:0
BRDA:64,0,0,0
BRDA:64,0,1,0
BRDA:79,1,0,0
BRDA:79,1,1,0
BRDA:79,1,2,0
BRDA:79,2,0,0
BRDA:79,2,1,0
BRDA:93,3,0,0
BRDA:93,3,1,0
BRDA:93,3,2,0
BRDA:93,4,0,0
BRDA:93,4,1,0
BRDA:116,5,0,0
BRDA:116,5,1,0
BRDA:116,5,2,0
BRDA:116,5,3,0
BRDA:116,5,4,0
BRDA:130,6,0,0
BRDA:130,6,1,0
BRDA:130,6,2,0
BRDA:130,6,3,0
BRDA:130,6,4,0
BRDA:130,6,5,0
BRDA:130,6,6,0
BRDA:130,6,7,0
BRDA:130,6,8,0
BRDA:167,7,0,0
BRDA:167,7,1,0
BRDA:175,8,0,0
BRDA:175,8,1,0
BRDA:187,9,0,0
BRDA:187,9,1,0
BRF:32
BRH:0
end_of_record
TN:
SF:/Users/rene8209/Sites/experimental/example-apps/maps-app-javascript/~tmp/webpack:/src/app/widgets/Authenticate/components/AuthComponents.tsx
FN:28,(anonymous_104)
FN:51,(anonymous_105)
FN:66,(anonymous_106)
FN:82,(anonymous_107)
FNF:4
FNH:0
FNDA:0,(anonymous_104)
FNDA:0,(anonymous_105)
FNDA:0,(anonymous_106)
FNDA:0,(anonymous_107)
DA:28,0
DA:29,0
DA:30,0
DA:31,0
DA:32,0
DA:33,0
DA:34,0
DA:35,0
DA:38,0
DA:51,0
DA:66,0
DA:82,0
LF:12
LH:0
BRDA:38,0,0,0
BRDA:38,0,1,0
BRDA:42,1,0,0
BRDA:42,1,1,0
BRDA:83,2,0,0
BRDA:83,2,1,0
BRDA:82,3,0,0
BRDA:82,3,1,0
BRF:8
BRH:0
end_of_record
TN:
SF:/Users/rene8209/Sites/experimental/example-apps/maps-app-javascript/~tmp/webpack:/src/app/widgets/UserNav/components/UserMenu.tsx
FN:18,(anonymous_311)
FN:37,(anonymous_312)
FNF:2
FNH:0
FNDA:0,(anonymous_311)
FNDA:0,(anonymous_312)
DA:18,0
DA:26,0
DA:37,0
LF:3
LH:0
BRDA:43,0,0,0
BRDA:43,0,1,0
BRDA:37,1,0,0
BRDA:37,1,1,0
BRF:4
BRH:0
end_of_record
TN:
SF:/Users/rene8209/Sites/experimental/example-apps/maps-app-javascript/~tmp/webpack:/webpack/bootstrap 5b791a4d26bc14b80426
FN:5,__webpack_require__
FN:36,(anonymous_3)
FN:47,(anonymous_4)
FN:49,getDefault
FN:50,getModuleExports
FN:56,(anonymous_7)
FNF:6
FNH:0
FNDA:0,__webpack_require__
FNDA:0,(anonymous_3)
FNDA:0,(anonymous_4)
FNDA:0,getDefault
FNDA:0,getModuleExports
FNDA:0,(anonymous_7)
DA:2,0
DA:8,0
DA:9,0
DA:12,0
DA:19,0
DA:22,0
DA:25,0
DA:30,0
DA:33,0
DA:36,0
DA:37,0
DA:38,0
DA:47,0
DA:48,0
DA:49,0
DA:50,0
DA:51,0
DA:52,0
DA:56,0
DA:59,0
DA:62,0
LF:21
LH:0
BRDA:8,0,0,0
BRDA:8,0,1,0
BRDA:37,1,0,0
BRDA:37,1,1,0
BRDA:49,2,0,0
BRDA:49,2,1,0
BRDA:48,3,0,0
BRDA:48,3,1,0
BRF:8
BRH:0
end_of_record
